<?xml version="1.0" encoding="UTF-8"?>
<!-- Generated by org.testng.reporters.JUnitReportReporter -->
<testsuite hostname="LAPTOP-9CFH4KV2" failures="0" tests="2" name="com.test.SwiggyApp" time="109.578" errors="0" timestamp="2022-08-29T11:54:12 IST" skipped="0">
  <testcase classname="com.test.SwiggyApp" name="SearchFood_AddtoCart" time="57.279"/>
  <system-out/>
  <testcase classname="com.test.SwiggyApp" name="validate_IncorrectLogin" time="52.299"/>
  <system-out/>
</testsuite> <!-- com.test.SwiggyApp -->
